<?xml version="1.0" encoding="UTF-8"?>
<testsuite xmlns:xsi="http://www.w3.org/2001/XMLSchema-instance" xsi:noNamespaceSchemaLocation="https://maven.apache.org/surefire/maven-surefire-plugin/xsd/surefire-test-report.xsd" name="ar.edu.itba.paw.UserServiceImplTest" time="1.634" tests="9" errors="0" skipped="0" failures="0">
  <properties>
    <property name="gopherProxySet" value="false"/>
    <property name="awt.toolkit" value="sun.lwawt.macosx.LWCToolkit"/>
    <property name="file.encoding.pkg" value="sun.io"/>
    <property name="java.specification.version" value="1.8"/>
    <property name="sun.cpu.isalist" value=""/>
    <property name="sun.jnu.encoding" value="UTF-8"/>
    <property name="java.class.path" value="/Users/martirodriguez/Documents/ITBA/PAW/TP1/paw-2021b-5/paw2021b/services/target/test-classes:/Users/martirodriguez/Documents/ITBA/PAW/TP1/paw-2021b-5/paw2021b/services/target/classes:/Users/martirodriguez/.m2/repository/junit/junit/4.11/junit-4.11.jar:/Users/martirodriguez/.m2/repository/org/hamcrest/hamcrest-core/1.3/hamcrest-core-1.3.jar:/Users/martirodriguez/Documents/ITBA/PAW/TP1/paw-2021b-5/paw2021b/models/target/models-1.0-SNAPSHOT.jar:/Users/martirodriguez/.m2/repository/org/hibernate/javax/persistence/hibernate-jpa-2.1-api/1.0.0.Final/hibernate-jpa-2.1-api-1.0.0.Final.jar:/Users/martirodriguez/.m2/repository/org/hibernate/hibernate-java8/5.1.0.Final/hibernate-java8-5.1.0.Final.jar:/Users/martirodriguez/.m2/repository/org/jboss/logging/jboss-logging/3.3.0.Final/jboss-logging-3.3.0.Final.jar:/Users/martirodriguez/.m2/repository/org/mockito/mockito-core/2.25.1/mockito-core-2.25.1.jar:/Users/martirodriguez/.m2/repository/net/bytebuddy/byte-buddy/1.9.7/byte-buddy-1.9.7.jar:/Users/martirodriguez/.m2/repository/net/bytebuddy/byte-buddy-agent/1.9.7/byte-buddy-agent-1.9.7.jar:/Users/martirodriguez/.m2/repository/org/objenesis/objenesis/2.6/objenesis-2.6.jar:/Users/martirodriguez/Documents/ITBA/PAW/TP1/paw-2021b-5/paw2021b/interfaces/target/interfaces-1.0-SNAPSHOT.jar:/Users/martirodriguez/.m2/repository/org/springframework/security/spring-security-core/4.0.4.RELEASE/spring-security-core-4.0.4.RELEASE.jar:/Users/martirodriguez/.m2/repository/aopalliance/aopalliance/1.0/aopalliance-1.0.jar:/Users/martirodriguez/.m2/repository/javax/mail/mail/1.4.7/mail-1.4.7.jar:/Users/martirodriguez/Documents/ITBA/PAW/TP1/paw-2021b-5/paw2021b/persistence/target/persistence-1.0-SNAPSHOT.jar:/Users/martirodriguez/.m2/repository/org/springframework/spring-orm/4.2.5.RELEASE/spring-orm-4.2.5.RELEASE.jar:/Users/martirodriguez/.m2/repository/org/hibernate/hibernate-core/5.1.0.Final/hibernate-core-5.1.0.Final.jar:/Users/martirodriguez/.m2/repository/org/javassist/javassist/3.20.0-GA/javassist-3.20.0-GA.jar:/Users/martirodriguez/.m2/repository/antlr/antlr/2.7.7/antlr-2.7.7.jar:/Users/martirodriguez/.m2/repository/org/apache/geronimo/specs/geronimo-jta_1.1_spec/1.1.1/geronimo-jta_1.1_spec-1.1.1.jar:/Users/martirodriguez/.m2/repository/org/jboss/jandex/2.0.0.Final/jandex-2.0.0.Final.jar:/Users/martirodriguez/.m2/repository/com/fasterxml/classmate/1.3.0/classmate-1.3.0.jar:/Users/martirodriguez/.m2/repository/dom4j/dom4j/1.6.1/dom4j-1.6.1.jar:/Users/martirodriguez/.m2/repository/xml-apis/xml-apis/1.0.b2/xml-apis-1.0.b2.jar:/Users/martirodriguez/.m2/repository/org/hibernate/common/hibernate-commons-annotations/5.0.1.Final/hibernate-commons-annotations-5.0.1.Final.jar:/Users/martirodriguez/.m2/repository/org/hibernate/hibernate-entitymanager/5.1.0.Final/hibernate-entitymanager-5.1.0.Final.jar:/Users/martirodriguez/.m2/repository/org/springframework/spring-jdbc/4.2.5.RELEASE/spring-jdbc-4.2.5.RELEASE.jar:/Users/martirodriguez/.m2/repository/org/postgresql/postgresql/42.2.5/postgresql-42.2.5.jar:/Users/martirodriguez/.m2/repository/org/slf4j/slf4j-api/1.7.5/slf4j-api-1.7.5.jar:/Users/martirodriguez/.m2/repository/org/springframework/spring-context/4.2.5.RELEASE/spring-context-4.2.5.RELEASE.jar:/Users/martirodriguez/.m2/repository/org/springframework/spring-aop/4.2.5.RELEASE/spring-aop-4.2.5.RELEASE.jar:/Users/martirodriguez/.m2/repository/org/springframework/spring-beans/4.2.5.RELEASE/spring-beans-4.2.5.RELEASE.jar:/Users/martirodriguez/.m2/repository/org/springframework/spring-core/4.2.5.RELEASE/spring-core-4.2.5.RELEASE.jar:/Users/martirodriguez/.m2/repository/commons-logging/commons-logging/1.2/commons-logging-1.2.jar:/Users/martirodriguez/.m2/repository/org/springframework/spring-expression/4.2.5.RELEASE/spring-expression-4.2.5.RELEASE.jar:/Users/martirodriguez/.m2/repository/org/springframework/spring-context-support/4.2.5.RELEASE/spring-context-support-4.2.5.RELEASE.jar:/Users/martirodriguez/.m2/repository/org/thymeleaf/thymeleaf-spring4/3.0.11.RELEASE/thymeleaf-spring4-3.0.11.RELEASE.jar:/Users/martirodriguez/.m2/repository/org/thymeleaf/thymeleaf/3.0.11.RELEASE/thymeleaf-3.0.11.RELEASE.jar:/Users/martirodriguez/.m2/repository/org/attoparser/attoparser/2.0.5.RELEASE/attoparser-2.0.5.RELEASE.jar:/Users/martirodriguez/.m2/repository/org/unbescape/unbescape/1.1.6.RELEASE/unbescape-1.1.6.RELEASE.jar:/Users/martirodriguez/.m2/repository/org/springframework/spring-tx/4.2.5.RELEASE/spring-tx-4.2.5.RELEASE.jar:/Users/martirodriguez/.m2/repository/com/sun/mail/javax.mail/1.6.2/javax.mail-1.6.2.jar:/Users/martirodriguez/.m2/repository/javax/activation/activation/1.1/activation-1.1.jar:/Users/martirodriguez/.m2/repository/org/springframework/spring-web/4.2.5.RELEASE/spring-web-4.2.5.RELEASE.jar:"/>
    <property name="java.vm.vendor" value="Oracle Corporation"/>
    <property name="sun.arch.data.model" value="64"/>
    <property name="java.vendor.url" value="http://java.oracle.com/"/>
    <property name="user.timezone" value=""/>
    <property name="java.vm.specification.version" value="1.8"/>
    <property name="os.name" value="Mac OS X"/>
    <property name="user.country" value="AR"/>
    <property name="sun.java.launcher" value="SUN_STANDARD"/>
    <property name="sun.boot.library.path" value="/Library/Java/JavaVirtualMachines/jdk1.8.0_251.jdk/Contents/Home/jre/lib"/>
    <property name="sun.java.command" value="/Users/martirodriguez/Documents/ITBA/PAW/TP1/paw-2021b-5/paw2021b/services/target/surefire/surefirebooter4275144087300826548.jar /Users/martirodriguez/Documents/ITBA/PAW/TP1/paw-2021b-5/paw2021b/services/target/surefire 2022-05-20T17-31-29_282-jvmRun1 surefire4785191017294883868tmp surefire_27830094276833326654tmp"/>
    <property name="http.nonProxyHosts" value="local|*.local|169.254/16|*.169.254/16"/>
    <property name="surefire.test.class.path" value="/Users/martirodriguez/Documents/ITBA/PAW/TP1/paw-2021b-5/paw2021b/services/target/test-classes:/Users/martirodriguez/Documents/ITBA/PAW/TP1/paw-2021b-5/paw2021b/services/target/classes:/Users/martirodriguez/.m2/repository/junit/junit/4.11/junit-4.11.jar:/Users/martirodriguez/.m2/repository/org/hamcrest/hamcrest-core/1.3/hamcrest-core-1.3.jar:/Users/martirodriguez/Documents/ITBA/PAW/TP1/paw-2021b-5/paw2021b/models/target/models-1.0-SNAPSHOT.jar:/Users/martirodriguez/.m2/repository/org/hibernate/javax/persistence/hibernate-jpa-2.1-api/1.0.0.Final/hibernate-jpa-2.1-api-1.0.0.Final.jar:/Users/martirodriguez/.m2/repository/org/hibernate/hibernate-java8/5.1.0.Final/hibernate-java8-5.1.0.Final.jar:/Users/martirodriguez/.m2/repository/org/jboss/logging/jboss-logging/3.3.0.Final/jboss-logging-3.3.0.Final.jar:/Users/martirodriguez/.m2/repository/org/mockito/mockito-core/2.25.1/mockito-core-2.25.1.jar:/Users/martirodriguez/.m2/repository/net/bytebuddy/byte-buddy/1.9.7/byte-buddy-1.9.7.jar:/Users/martirodriguez/.m2/repository/net/bytebuddy/byte-buddy-agent/1.9.7/byte-buddy-agent-1.9.7.jar:/Users/martirodriguez/.m2/repository/org/objenesis/objenesis/2.6/objenesis-2.6.jar:/Users/martirodriguez/Documents/ITBA/PAW/TP1/paw-2021b-5/paw2021b/interfaces/target/interfaces-1.0-SNAPSHOT.jar:/Users/martirodriguez/.m2/repository/org/springframework/security/spring-security-core/4.0.4.RELEASE/spring-security-core-4.0.4.RELEASE.jar:/Users/martirodriguez/.m2/repository/aopalliance/aopalliance/1.0/aopalliance-1.0.jar:/Users/martirodriguez/.m2/repository/javax/mail/mail/1.4.7/mail-1.4.7.jar:/Users/martirodriguez/Documents/ITBA/PAW/TP1/paw-2021b-5/paw2021b/persistence/target/persistence-1.0-SNAPSHOT.jar:/Users/martirodriguez/.m2/repository/org/springframework/spring-orm/4.2.5.RELEASE/spring-orm-4.2.5.RELEASE.jar:/Users/martirodriguez/.m2/repository/org/hibernate/hibernate-core/5.1.0.Final/hibernate-core-5.1.0.Final.jar:/Users/martirodriguez/.m2/repository/org/javassist/javassist/3.20.0-GA/javassist-3.20.0-GA.jar:/Users/martirodriguez/.m2/repository/antlr/antlr/2.7.7/antlr-2.7.7.jar:/Users/martirodriguez/.m2/repository/org/apache/geronimo/specs/geronimo-jta_1.1_spec/1.1.1/geronimo-jta_1.1_spec-1.1.1.jar:/Users/martirodriguez/.m2/repository/org/jboss/jandex/2.0.0.Final/jandex-2.0.0.Final.jar:/Users/martirodriguez/.m2/repository/com/fasterxml/classmate/1.3.0/classmate-1.3.0.jar:/Users/martirodriguez/.m2/repository/dom4j/dom4j/1.6.1/dom4j-1.6.1.jar:/Users/martirodriguez/.m2/repository/xml-apis/xml-apis/1.0.b2/xml-apis-1.0.b2.jar:/Users/martirodriguez/.m2/repository/org/hibernate/common/hibernate-commons-annotations/5.0.1.Final/hibernate-commons-annotations-5.0.1.Final.jar:/Users/martirodriguez/.m2/repository/org/hibernate/hibernate-entitymanager/5.1.0.Final/hibernate-entitymanager-5.1.0.Final.jar:/Users/martirodriguez/.m2/repository/org/springframework/spring-jdbc/4.2.5.RELEASE/spring-jdbc-4.2.5.RELEASE.jar:/Users/martirodriguez/.m2/repository/org/postgresql/postgresql/42.2.5/postgresql-42.2.5.jar:/Users/martirodriguez/.m2/repository/org/slf4j/slf4j-api/1.7.5/slf4j-api-1.7.5.jar:/Users/martirodriguez/.m2/repository/org/springframework/spring-context/4.2.5.RELEASE/spring-context-4.2.5.RELEASE.jar:/Users/martirodriguez/.m2/repository/org/springframework/spring-aop/4.2.5.RELEASE/spring-aop-4.2.5.RELEASE.jar:/Users/martirodriguez/.m2/repository/org/springframework/spring-beans/4.2.5.RELEASE/spring-beans-4.2.5.RELEASE.jar:/Users/martirodriguez/.m2/repository/org/springframework/spring-core/4.2.5.RELEASE/spring-core-4.2.5.RELEASE.jar:/Users/martirodriguez/.m2/repository/commons-logging/commons-logging/1.2/commons-logging-1.2.jar:/Users/martirodriguez/.m2/repository/org/springframework/spring-expression/4.2.5.RELEASE/spring-expression-4.2.5.RELEASE.jar:/Users/martirodriguez/.m2/repository/org/springframework/spring-context-support/4.2.5.RELEASE/spring-context-support-4.2.5.RELEASE.jar:/Users/martirodriguez/.m2/repository/org/thymeleaf/thymeleaf-spring4/3.0.11.RELEASE/thymeleaf-spring4-3.0.11.RELEASE.jar:/Users/martirodriguez/.m2/repository/org/thymeleaf/thymeleaf/3.0.11.RELEASE/thymeleaf-3.0.11.RELEASE.jar:/Users/martirodriguez/.m2/repository/org/attoparser/attoparser/2.0.5.RELEASE/attoparser-2.0.5.RELEASE.jar:/Users/martirodriguez/.m2/repository/org/unbescape/unbescape/1.1.6.RELEASE/unbescape-1.1.6.RELEASE.jar:/Users/martirodriguez/.m2/repository/org/springframework/spring-tx/4.2.5.RELEASE/spring-tx-4.2.5.RELEASE.jar:/Users/martirodriguez/.m2/repository/com/sun/mail/javax.mail/1.6.2/javax.mail-1.6.2.jar:/Users/martirodriguez/.m2/repository/javax/activation/activation/1.1/activation-1.1.jar:/Users/martirodriguez/.m2/repository/org/springframework/spring-web/4.2.5.RELEASE/spring-web-4.2.5.RELEASE.jar:"/>
    <property name="sun.cpu.endian" value="little"/>
    <property name="user.home" value="/Users/martirodriguez"/>
    <property name="user.language" value="en"/>
    <property name="java.specification.vendor" value="Oracle Corporation"/>
    <property name="java.home" value="/Library/Java/JavaVirtualMachines/jdk1.8.0_251.jdk/Contents/Home/jre"/>
    <property name="basedir" value="/Users/martirodriguez/Documents/ITBA/PAW/TP1/paw-2021b-5/paw2021b/services"/>
    <property name="file.separator" value="/"/>
    <property name="line.separator" value="&#10;"/>
    <property name="java.vm.specification.vendor" value="Oracle Corporation"/>
    <property name="java.specification.name" value="Java Platform API Specification"/>
    <property name="java.awt.graphicsenv" value="sun.awt.CGraphicsEnvironment"/>
    <property name="surefire.real.class.path" value="/Users/martirodriguez/Documents/ITBA/PAW/TP1/paw-2021b-5/paw2021b/services/target/surefire/surefirebooter4275144087300826548.jar"/>
    <property name="sun.boot.class.path" value="/Library/Java/JavaVirtualMachines/jdk1.8.0_251.jdk/Contents/Home/jre/lib/resources.jar:/Library/Java/JavaVirtualMachines/jdk1.8.0_251.jdk/Contents/Home/jre/lib/rt.jar:/Library/Java/JavaVirtualMachines/jdk1.8.0_251.jdk/Contents/Home/jre/lib/sunrsasign.jar:/Library/Java/JavaVirtualMachines/jdk1.8.0_251.jdk/Contents/Home/jre/lib/jsse.jar:/Library/Java/JavaVirtualMachines/jdk1.8.0_251.jdk/Contents/Home/jre/lib/jce.jar:/Library/Java/JavaVirtualMachines/jdk1.8.0_251.jdk/Contents/Home/jre/lib/charsets.jar:/Library/Java/JavaVirtualMachines/jdk1.8.0_251.jdk/Contents/Home/jre/lib/jfr.jar:/Library/Java/JavaVirtualMachines/jdk1.8.0_251.jdk/Contents/Home/jre/classes"/>
    <property name="sun.management.compiler" value="HotSpot 64-Bit Tiered Compilers"/>
    <property name="ftp.nonProxyHosts" value="local|*.local|169.254/16|*.169.254/16"/>
    <property name="java.runtime.version" value="1.8.0_251-b08"/>
    <property name="user.name" value="martirodriguez"/>
    <property name="path.separator" value=":"/>
    <property name="os.version" value="10.16"/>
    <property name="java.endorsed.dirs" value="/Library/Java/JavaVirtualMachines/jdk1.8.0_251.jdk/Contents/Home/jre/lib/endorsed"/>
    <property name="java.runtime.name" value="Java(TM) SE Runtime Environment"/>
    <property name="file.encoding" value="UTF-8"/>
    <property name="java.vm.name" value="Java HotSpot(TM) 64-Bit Server VM"/>
    <property name="localRepository" value="/Users/martirodriguez/.m2/repository"/>
    <property name="java.vendor.url.bug" value="http://bugreport.sun.com/bugreport/"/>
    <property name="java.io.tmpdir" value="/var/folders/jp/b80pc9gj2y74brbjk9sd73g80000gn/T/"/>
    <property name="idea.version" value="2021.2.1"/>
    <property name="java.version" value="1.8.0_251"/>
    <property name="user.dir" value="/Users/martirodriguez/Documents/ITBA/PAW/TP1/paw-2021b-5/paw2021b/services"/>
    <property name="os.arch" value="x86_64"/>
    <property name="java.vm.specification.name" value="Java Virtual Machine Specification"/>
    <property name="java.awt.printerjob" value="sun.lwawt.macosx.CPrinterJob"/>
    <property name="sun.os.patch.level" value="unknown"/>
    <property name="java.library.path" value="/Users/martirodriguez/Library/Java/Extensions:/Library/Java/Extensions:/Network/Library/Java/Extensions:/System/Library/Java/Extensions:/usr/lib/java:."/>
    <property name="java.vm.info" value="mixed mode"/>
    <property name="java.vendor" value="Oracle Corporation"/>
    <property name="java.vm.version" value="25.251-b08"/>
    <property name="java.ext.dirs" value="/Users/martirodriguez/Library/Java/Extensions:/Library/Java/JavaVirtualMachines/jdk1.8.0_251.jdk/Contents/Home/jre/lib/ext:/Library/Java/Extensions:/Network/Library/Java/Extensions:/System/Library/Java/Extensions:/usr/lib/java"/>
    <property name="sun.io.unicode.encoding" value="UnicodeBig"/>
    <property name="java.class.version" value="52.0"/>
    <property name="socksNonProxyHosts" value="local|*.local|169.254/16|*.169.254/16"/>
  </properties>
  <testcase name="testBan" classname="ar.edu.itba.paw.UserServiceImplTest" time="0.022"/>
  <testcase name="testIsBanned" classname="ar.edu.itba.paw.UserServiceImplTest" time="0.002"/>
  <testcase name="testValidatePasswordToken" classname="ar.edu.itba.paw.UserServiceImplTest" time="0.002"/>
  <testcase name="testVerifyAccount" classname="ar.edu.itba.paw.UserServiceImplTest" time="0.009"/>
  <testcase name="testIsManager" classname="ar.edu.itba.paw.UserServiceImplTest" time="0.002"/>
  <testcase name="testCreate" classname="ar.edu.itba.paw.UserServiceImplTest" time="0.016"/>
  <testcase name="testChangeUser" classname="ar.edu.itba.paw.UserServiceImplTest" time="0.003"/>
  <testcase name="testIsAdmin" classname="ar.edu.itba.paw.UserServiceImplTest" time="0.001"/>
  <testcase name="testResetPassword" classname="ar.edu.itba.paw.UserServiceImplTest" time="0.002"/>
</testsuite>